<?xml version="1.0" encoding="UTF-8"?>
<!-- Generated by org.testng.reporters.JUnitXMLReporter -->
<testsuite ignored="0" hostname="DESKTOP-MOEREO5" failures="0" tests="3" name="Test" time="111.063" errors="0" timestamp="2022-03-22T01:05:36 IST">
  <testcase classname="endtoend.frame.homePage" name="browse" time="3.506"/>
  <testcase classname="endtoend.frame.homePage" name="browse" time="1.739"/>
  <testcase classname="endtoend.frame.validationPage" name="browse" time="1.647"/>
</testsuite> <!-- Test -->
