<?xml version="1.0" encoding="UTF-8"?>
<!-- Generated by org.testng.reporters.JUnitXMLReporter -->
<testsuite ignored="0" hostname="DESKTOP-MOEREO5" failures="1" tests="1" name="validation page" time="172.9" errors="0" timestamp="2022-03-29T02:06:24 IST">
  <testcase classname="endtoend.frame.validationPage" name="validationbar" time="0.874">
    <failure type="java.lang.AssertionError" message="expected [FEATURED 123COURSES] but found [FEATURED COURSES]">
      <![CDATA[java.lang.AssertionError: expected [FEATURED 123COURSES] but found [FEATURED COURSES]
at endtoend.frame.validationPage.validationbar(validationPage.java:37)
at java.base/java.util.ArrayList.forEach(ArrayList.java:1511)
at java.base/java.util.concurrent.FutureTask.run(FutureTask.java:264)
at java.base/java.util.concurrent.ThreadPoolExecutor.runWorker(ThreadPoolExecutor.java:1130)
at java.base/java.util.concurrent.ThreadPoolExecutor$Worker.run(ThreadPoolExecutor.java:630)
at java.base/java.lang.Thread.run(Thread.java:831)
... Removed 24 stack frames]]>
    </failure>
  </testcase> <!-- validationbar -->
</testsuite> <!-- validation page -->
